<?xml version="1.0" encoding="UTF-8"?>
<!-- Generated by org.testng.reporters.JUnitReportReporter -->
<testsuite hostname="AishwaryaVivek" name="tests.SellItemsTest" tests="1" failures="1" timestamp="30 Dec 2014 11:06:57 GMT" time="0.000" errors="0">
  <testcase name="testSellingBooks" time="0.000" classname="tests.SellItemsTest"/>
</testsuite> <!-- tests.SellItemsTest -->
